0 info it worked if it ends with ok
1 verbose cli [ '/usr/local/Cellar/node/0.10.4/bin/node',
1 verbose cli   '/usr/local/bin/npm',
1 verbose cli   'info',
1 verbose cli   'fs' ]
2 info using npm@1.2.18
3 info using node@v0.10.4
4 verbose url raw fs
5 verbose url resolving [ 'https://registry.npmjs.org/', './fs' ]
6 verbose url resolved https://registry.npmjs.org/fs
7 info trying registry request attempt 1 at 21:36:55
8 http GET https://registry.npmjs.org/fs
9 http 404 https://registry.npmjs.org/fs
10 silly registry.get cb [ 404,
10 silly registry.get   { server: 'CouchDB/1.3.0 (Erlang OTP/R15B03)',
10 silly registry.get     date: 'Sun, 19 May 2013 03:36:56 GMT',
10 silly registry.get     'content-type': 'application/json',
10 silly registry.get     'content-length': '52',
10 silly registry.get     'cache-control': 'must-revalidate' } ]
11 error 404 'fs' is not in the npm registry.
11 error 404 You should bug the author to publish it
11 error 404
11 error 404 Note that you can also install from a
11 error 404 tarball, folder, or http url, or git url.
12 error System Darwin 12.3.0
13 error command "/usr/local/Cellar/node/0.10.4/bin/node" "/usr/local/bin/npm" "info" "fs"
14 error cwd /Users/nmessick/Desktop/dev/chatitup
15 error node -v v0.10.4
16 error npm -v 1.2.18
17 error code E404
18 verbose exit [ 1, true ]
